This is pdfTeX, Version 3.141592653-2.6-1.40.25 (MiKTeX 23.4) (preloaded format=pdflatex 2023.4.23)  20 JAN 2024 16:21
entering extended mode
 restricted \write18 enabled.
 %&-line parsing enabled.
**./report2.tex
(report2.tex
LaTeX2e <2022-11-01> patch level 1
L3 programming layer <2023-03-30>
(C:\Users\Kasia\AppData\Local\Programs\MiKTeX\tex/latex/base\article.cls
Document Class: article 2022/07/02 v1.4n Standard LaTeX document class
(C:\Users\Kasia\AppData\Local\Programs\MiKTeX\tex/latex/base\size10.clo
File: size10.clo 2022/07/02 v1.4n Standard LaTeX file (size option)
)
\c@part=\count185
\c@section=\count186
\c@subsection=\count187
\c@subsubsection=\count188
\c@paragraph=\count189
\c@subparagraph=\count190
\c@figure=\count191
\c@table=\count192
\abovecaptionskip=\skip48
\belowcaptionskip=\skip49
\bibindent=\dimen140
)
(C:\Users\Kasia\AppData\Local\Programs\MiKTeX\tex/latex/geometry\geometry.sty
Package: geometry 2020/01/02 v5.9 Page Geometry

(C:\Users\Kasia\AppData\Local\Programs\MiKTeX\tex/latex/graphics\keyval.sty
Package: keyval 2022/05/29 v1.15 key=value parser (DPC)
\KV@toks@=\toks16
)
(C:\Users\Kasia\AppData\Local\Programs\MiKTeX\tex/generic/iftex\ifvtex.sty
Package: ifvtex 2019/10/25 v1.7 ifvtex legacy package. Use iftex instead.

(C:\Users\Kasia\AppData\Local\Programs\MiKTeX\tex/generic/iftex\iftex.sty
Package: iftex 2022/02/03 v1.0f TeX engine tests
))
\Gm@cnth=\count193
\Gm@cntv=\count194
\c@Gm@tempcnt=\count195
\Gm@bindingoffset=\dimen141
\Gm@wd@mp=\dimen142
\Gm@odd@mp=\dimen143
\Gm@even@mp=\dimen144
\Gm@layoutwidth=\dimen145
\Gm@layoutheight=\dimen146
\Gm@layouthoffset=\dimen147
\Gm@layoutvoffset=\dimen148
\Gm@dimlist=\toks17

(C:\Users\Kasia\AppData\Local\Programs\MiKTeX\tex/latex/geometry\geometry.cfg))
(C:\Users\Kasia\AppData\Local\Programs\MiKTeX\tex/latex/graphics\graphicx.sty
Package: graphicx 2021/09/16 v1.2d Enhanced LaTeX Graphics (DPC,SPQR)

(C:\Users\Kasia\AppData\Local\Programs\MiKTeX\tex/latex/graphics\graphics.sty
Package: graphics 2022/03/10 v1.4e Standard LaTeX Graphics (DPC,SPQR)

(C:\Users\Kasia\AppData\Local\Programs\MiKTeX\tex/latex/graphics\trig.sty
Package: trig 2021/08/11 v1.11 sin cos tan (DPC)
)
(C:\Users\Kasia\AppData\Local\Programs\MiKTeX\tex/latex/graphics-cfg\graphics.c
fg
File: graphics.cfg 2016/06/04 v1.11 sample graphics configuration
)
Package graphics Info: Driver file: pdftex.def on input line 107.

(C:\Users\Kasia\AppData\Local\Programs\MiKTeX\tex/latex/graphics-def\pdftex.def
File: pdftex.def 2022/09/22 v1.2b Graphics/color driver for pdftex
))
\Gin@req@height=\dimen149
\Gin@req@width=\dimen150
)
(C:\Users\Kasia\AppData\Local\Programs\MiKTeX\tex/latex/multirow\multirow.sty
Package: multirow 2021/03/15 v2.8 Span multiple rows of a table
\multirow@colwidth=\skip50
\multirow@cntb=\count196
\multirow@dima=\skip51
\bigstrutjot=\dimen151
)
(C:\Users\Kasia\AppData\Local\Programs\MiKTeX\tex/latex/l3backend\l3backend-pdf
tex.def
File: l3backend-pdftex.def 2023-03-30 L3 backend support: PDF output (pdfTeX)
\l__color_backend_stack_int=\count197
\l__pdf_internal_box=\box51
) (report2.aux)
\openout1 = `report2.aux'.

LaTeX Font Info:    Checking defaults for OML/cmm/m/it on input line 9.
LaTeX Font Info:    ... okay on input line 9.
LaTeX Font Info:    Checking defaults for OMS/cmsy/m/n on input line 9.
LaTeX Font Info:    ... okay on input line 9.
LaTeX Font Info:    Checking defaults for OT1/cmr/m/n on input line 9.
LaTeX Font Info:    ... okay on input line 9.
LaTeX Font Info:    Checking defaults for T1/cmr/m/n on input line 9.
LaTeX Font Info:    ... okay on input line 9.
LaTeX Font Info:    Checking defaults for TS1/cmr/m/n on input line 9.
LaTeX Font Info:    ... okay on input line 9.
LaTeX Font Info:    Checking defaults for OMX/cmex/m/n on input line 9.
LaTeX Font Info:    ... okay on input line 9.
LaTeX Font Info:    Checking defaults for U/cmr/m/n on input line 9.
LaTeX Font Info:    ... okay on input line 9.

*geometry* driver: auto-detecting
*geometry* detected driver: pdftex
*geometry* verbose mode - [ preamble ] result:
* driver: pdftex
* paper: a4paper
* layout: <same size as paper>
* layoutoffset:(h,v)=(0.0pt,0.0pt)
* modes: 
* h-part:(L,W,R)=(63.87643pt, 469.75499pt, 63.87645pt)
* v-part:(T,H,B)=(34.48474pt, 758.83499pt, 51.72711pt)
* \paperwidth=597.50787pt
* \paperheight=845.04684pt
* \textwidth=469.75499pt
* \textheight=758.83499pt
* \oddsidemargin=-8.39355pt
* \evensidemargin=-8.39355pt
* \topmargin=-74.78525pt
* \headheight=12.0pt
* \headsep=25.0pt
* \topskip=10.0pt
* \footskip=30.0pt
* \marginparwidth=65.0pt
* \marginparsep=11.0pt
* \columnsep=10.0pt
* \skip\footins=9.0pt plus 4.0pt minus 2.0pt
* \hoffset=0.0pt
* \voffset=0.0pt
* \mag=1000
* \@twocolumnfalse
* \@twosidefalse
* \@mparswitchfalse
* \@reversemarginfalse
* (1in=72.27pt=25.4mm, 1cm=28.453pt)


(C:\Users\Kasia\AppData\Local\Programs\MiKTeX\tex/context/base/mkii\supp-pdf.mk
ii
[Loading MPS to PDF converter (version 2006.09.02).]
\scratchcounter=\count198
\scratchdimen=\dimen152
\scratchbox=\box52
\nofMPsegments=\count199
\nofMParguments=\count266
\everyMPshowfont=\toks18
\MPscratchCnt=\count267
\MPscratchDim=\dimen153
\MPnumerator=\count268
\makeMPintoPDFobject=\count269
\everyMPtoPDFconversion=\toks19
)
(C:\Users\Kasia\AppData\Local\Programs\MiKTeX\tex/latex/epstopdf-pkg\epstopdf-b
ase.sty
Package: epstopdf-base 2020-01-24 v2.11 Base part for package epstopdf
Package epstopdf-base Info: Redefining graphics rule for `.eps' on input line 4
85.

(C:\Users\Kasia\AppData\Local\Programs\MiKTeX\tex/latex/00miktex\epstopdf-sys.c
fg
File: epstopdf-sys.cfg 2021/03/18 v2.0 Configuration of epstopdf for MiKTeX
))
LaTeX Font Info:    External font `cmex10' loaded for size
(Font)              <12> on input line 10.
LaTeX Font Info:    External font `cmex10' loaded for size
(Font)              <8> on input line 10.
LaTeX Font Info:    External font `cmex10' loaded for size
(Font)              <6> on input line 10.
LaTeX Font Info:    External font `cmex10' loaded for size
(Font)              <7> on input line 16.
LaTeX Font Info:    External font `cmex10' loaded for size
(Font)              <5> on input line 16.
<proj2_plots/screeplot1.png, id=1, 1304.875pt x 803.0pt>
File: proj2_plots/screeplot1.png Graphic file (type png)
<use proj2_plots/screeplot1.png>
Package pdftex.def Info: proj2_plots/screeplot1.png  used on input line 23.
(pdftex.def)             Requested size: 422.77661pt x 260.17548pt.
<proj2_plots/varplot1.png, id=2, 1505.625pt x 1505.625pt>
File: proj2_plots/varplot1.png Graphic file (type png)
<use proj2_plots/varplot1.png>
Package pdftex.def Info: proj2_plots/varplot1.png  used on input line 30.
(pdftex.def)             Requested size: 422.77661pt x 422.76677pt.


LaTeX Warning: `h' float specifier changed to `ht'.

[1

{C:/Users/Kasia/AppData/Local/MiKTeX/fonts/map/pdftex/pdftex.map} <./proj2_plot
s/screeplot1.png>]
<proj2_plots/screeplot2.png, id=14, 1304.875pt x 803.0pt>
File: proj2_plots/screeplot2.png Graphic file (type png)
<use proj2_plots/screeplot2.png>
Package pdftex.def Info: proj2_plots/screeplot2.png  used on input line 44.
(pdftex.def)             Requested size: 422.77661pt x 260.17548pt.


LaTeX Warning: `h' float specifier changed to `ht'.

<proj2_plots/varplot2.png, id=15, 1505.625pt x 1505.625pt>
File: proj2_plots/varplot2.png Graphic file (type png)
<use proj2_plots/varplot2.png>
Package pdftex.def Info: proj2_plots/varplot2.png  used on input line 51.
(pdftex.def)             Requested size: 422.77661pt x 422.76677pt.

LaTeX Warning: `h' float specifier changed to `ht'.

<proj2_plots/screeplot3.png, id=16, 1304.875pt x 803.0pt>
File: proj2_plots/screeplot3.png Graphic file (type png)
<use proj2_plots/screeplot3.png>
Package pdftex.def Info: proj2_plots/screeplot3.png  used on input line 59.
(pdftex.def)             Requested size: 422.77661pt x 260.17548pt.

LaTeX Warning: `h' float specifier changed to `ht'.

<proj2_plots/varplot3.png, id=17, 1505.625pt x 1505.625pt>
File: proj2_plots/varplot3.png Graphic file (type png)
<use proj2_plots/varplot3.png>
Package pdftex.def Info: proj2_plots/varplot3.png  used on input line 66.
(pdftex.def)             Requested size: 422.77661pt x 422.76677pt.

LaTeX Warning: `h' float specifier changed to `ht'.

[2 <./proj2_plots/varplot1.png>]
<proj2_plots/kmeans_clust_num.png, id=22, 1505.625pt x 1505.625pt>
File: proj2_plots/kmeans_clust_num.png Graphic file (type png)
<use proj2_plots/kmeans_clust_num.png>
Package pdftex.def Info: proj2_plots/kmeans_clust_num.png  used on input line 1
02.
(pdftex.def)             Requested size: 422.77661pt x 422.76677pt.


LaTeX Warning: `h' float specifier changed to `ht'.

<proj2_plots/kmeans_clust_num_pca.png, id=23, 1505.625pt x 1505.625pt>
File: proj2_plots/kmeans_clust_num_pca.png Graphic file (type png)
<use proj2_plots/kmeans_clust_num_pca.png>
Package pdftex.def Info: proj2_plots/kmeans_clust_num_pca.png  used on input li
ne 109.
(pdftex.def)             Requested size: 422.77661pt x 422.76677pt.

LaTeX Warning: `h' float specifier changed to `ht'.

<proj2_plots/pam_clust_num.png, id=24, 1505.625pt x 1505.625pt>
File: proj2_plots/pam_clust_num.png Graphic file (type png)
<use proj2_plots/pam_clust_num.png>
Package pdftex.def Info: proj2_plots/pam_clust_num.png  used on input line 116.

(pdftex.def)             Requested size: 422.77661pt x 422.76677pt.

LaTeX Warning: `h' float specifier changed to `ht'.

<proj2_plots/pam_clust_num_pca.png, id=25, 1505.625pt x 1505.625pt>
File: proj2_plots/pam_clust_num_pca.png Graphic file (type png)
<use proj2_plots/pam_clust_num_pca.png>
Package pdftex.def Info: proj2_plots/pam_clust_num_pca.png  used on input line 
123.
(pdftex.def)             Requested size: 422.77661pt x 422.76677pt.

LaTeX Warning: `h' float specifier changed to `ht'.

<proj2_plots/dendro_scaled_nopca.png, id=26, 1304.875pt x 803.0pt>
File: proj2_plots/dendro_scaled_nopca.png Graphic file (type png)
<use proj2_plots/dendro_scaled_nopca.png>
Package pdftex.def Info: proj2_plots/dendro_scaled_nopca.png  used on input lin
e 130.
(pdftex.def)             Requested size: 422.77661pt x 260.17548pt.

LaTeX Warning: `h' float specifier changed to `ht'.

<proj2_plots/dendro_scaled_pca.png, id=27, 1304.875pt x 803.0pt>
File: proj2_plots/dendro_scaled_pca.png Graphic file (type png)
<use proj2_plots/dendro_scaled_pca.png>
Package pdftex.def Info: proj2_plots/dendro_scaled_pca.png  used on input line 
137.
(pdftex.def)             Requested size: 422.77661pt x 260.17548pt.

LaTeX Warning: `h' float specifier changed to `ht'.

<proj2_plots/dendro_log_nopca.png, id=28, 1304.875pt x 803.0pt>
File: proj2_plots/dendro_log_nopca.png Graphic file (type png)
<use proj2_plots/dendro_log_nopca.png>
Package pdftex.def Info: proj2_plots/dendro_log_nopca.png  used on input line 1
44.
(pdftex.def)             Requested size: 422.77661pt x 260.17548pt.

LaTeX Warning: `h' float specifier changed to `ht'.

<proj2_plots/dendro_log_pca.png, id=29, 1304.875pt x 803.0pt>
File: proj2_plots/dendro_log_pca.png Graphic file (type png)
<use proj2_plots/dendro_log_pca.png>
Package pdftex.def Info: proj2_plots/dendro_log_pca.png  used on input line 151
.
(pdftex.def)             Requested size: 422.77661pt x 260.17548pt.

LaTeX Warning: `h' float specifier changed to `ht'.

<proj2_plots/kmeans_res_scaled.png, id=30, 1304.875pt x 803.0pt>
File: proj2_plots/kmeans_res_scaled.png Graphic file (type png)
<use proj2_plots/kmeans_res_scaled.png>
Package pdftex.def Info: proj2_plots/kmeans_res_scaled.png  used on input line 
171.
(pdftex.def)             Requested size: 422.77661pt x 260.17548pt.

LaTeX Warning: `h' float specifier changed to `ht'.


LaTeX Warning: `h' float specifier changed to `ht'.

<proj2_plots/kmeans_res_scaled_pca.png, id=31, 1304.875pt x 803.0pt>
File: proj2_plots/kmeans_res_scaled_pca.png Graphic file (type png)
<use proj2_plots/kmeans_res_scaled_pca.png>
Package pdftex.def Info: proj2_plots/kmeans_res_scaled_pca.png  used on input l
ine 190.
(pdftex.def)             Requested size: 422.77661pt x 260.17548pt.

LaTeX Warning: `h' float specifier changed to `ht'.


LaTeX Warning: `h' float specifier changed to `ht'.

[3 <./proj2_plots/screeplot2.png>]
<proj2_plots/kmeans_res_log.png, id=37, 1304.875pt x 803.0pt>
File: proj2_plots/kmeans_res_log.png Graphic file (type png)
<use proj2_plots/kmeans_res_log.png>
Package pdftex.def Info: proj2_plots/kmeans_res_log.png  used on input line 217
.
(pdftex.def)             Requested size: 422.77661pt x 260.17548pt.


LaTeX Warning: `h' float specifier changed to `ht'.


LaTeX Warning: `h' float specifier changed to `ht'.

File: proj2_plots/kmeans_res_log.png Graphic file (type png)
<use proj2_plots/kmeans_res_log.png>
Package pdftex.def Info: proj2_plots/kmeans_res_log.png  used on input line 237
.
(pdftex.def)             Requested size: 422.77661pt x 260.17548pt.

LaTeX Warning: `h' float specifier changed to `ht'.


LaTeX Warning: `h' float specifier changed to `ht'.

<proj2_plots/pam_res_scaled.png, id=38, 1304.875pt x 803.0pt>
File: proj2_plots/pam_res_scaled.png Graphic file (type png)
<use proj2_plots/pam_res_scaled.png>
Package pdftex.def Info: proj2_plots/pam_res_scaled.png  used on input line 260
.
(pdftex.def)             Requested size: 422.77661pt x 260.17548pt.

LaTeX Warning: `h' float specifier changed to `ht'.


LaTeX Warning: `h' float specifier changed to `ht'.

<proj2_plots/pam_res_scaled_pca.png, id=39, 1304.875pt x 803.0pt>
File: proj2_plots/pam_res_scaled_pca.png Graphic file (type png)
<use proj2_plots/pam_res_scaled_pca.png>
Package pdftex.def Info: proj2_plots/pam_res_scaled_pca.png  used on input line
 280.
(pdftex.def)             Requested size: 422.77661pt x 260.17548pt.

LaTeX Warning: `h' float specifier changed to `ht'.


LaTeX Warning: `h' float specifier changed to `ht'.

<proj2_plots/pam_res_log.png, id=40, 1304.875pt x 803.0pt>
File: proj2_plots/pam_res_log.png Graphic file (type png)
<use proj2_plots/pam_res_log.png>
Package pdftex.def Info: proj2_plots/pam_res_log.png  used on input line 301.
(pdftex.def)             Requested size: 422.77661pt x 260.17548pt.

LaTeX Warning: `h' float specifier changed to `ht'.


LaTeX Warning: `h' float specifier changed to `ht'.

<proj2_plots/pam_res_log_pca.png, id=41, 1304.875pt x 803.0pt>
File: proj2_plots/pam_res_log_pca.png Graphic file (type png)
<use proj2_plots/pam_res_log_pca.png>
Package pdftex.def Info: proj2_plots/pam_res_log_pca.png  used on input line 32
1.
(pdftex.def)             Requested size: 422.77661pt x 260.17548pt.

LaTeX Warning: `h' float specifier changed to `ht'.


LaTeX Warning: `h' float specifier changed to `ht'.

[4 <./proj2_plots/varplot2.png>]
<proj2_plots/agnes_res_scaled.png, id=46, 1304.875pt x 803.0pt>
File: proj2_plots/agnes_res_scaled.png Graphic file (type png)
<use proj2_plots/agnes_res_scaled.png>
Package pdftex.def Info: proj2_plots/agnes_res_scaled.png  used on input line 3
43.
(pdftex.def)             Requested size: 422.77661pt x 260.17548pt.


LaTeX Warning: `h' float specifier changed to `ht'.


LaTeX Warning: `h' float specifier changed to `ht'.

<proj2_plots/agnes_res_scaled_pca.png, id=47, 1304.875pt x 803.0pt>
File: proj2_plots/agnes_res_scaled_pca.png Graphic file (type png)
<use proj2_plots/agnes_res_scaled_pca.png>
Package pdftex.def Info: proj2_plots/agnes_res_scaled_pca.png  used on input li
ne 363.
(pdftex.def)             Requested size: 422.77661pt x 260.17548pt.

LaTeX Warning: `h' float specifier changed to `ht'.


LaTeX Warning: `h' float specifier changed to `ht'.

<proj2_plots/agnes_res_log.png, id=48, 1304.875pt x 803.0pt>
File: proj2_plots/agnes_res_log.png Graphic file (type png)
<use proj2_plots/agnes_res_log.png>
Package pdftex.def Info: proj2_plots/agnes_res_log.png  used on input line 385.

(pdftex.def)             Requested size: 422.77661pt x 260.17548pt.

LaTeX Warning: `h' float specifier changed to `ht'.


LaTeX Warning: `h' float specifier changed to `ht'.

<proj2_plots/agnes_res_log_pca.png, id=49, 1304.875pt x 803.0pt>
File: proj2_plots/agnes_res_log_pca.png Graphic file (type png)
<use proj2_plots/agnes_res_log_pca.png>
Package pdftex.def Info: proj2_plots/agnes_res_log_pca.png  used on input line 
405.
(pdftex.def)             Requested size: 422.77661pt x 260.17548pt.

LaTeX Warning: `h' float specifier changed to `ht'.


LaTeX Warning: `h' float specifier changed to `ht'.

[5 <./proj2_plots/screeplot3.png>] [6 <./proj2_plots/varplot3.png>] [7 <./proj2
_plots/kmeans_clust_num.png>] [8 <./proj2_plots/kmeans_clust_num_pca.png>]
[9 <./proj2_plots/pam_clust_num.png>] [10 <./proj2_plots/pam_clust_num_pca.png>
 <./proj2_plots/dendro_scaled_nopca.png>] [11 <./proj2_plots/dendro_scaled_pca.
png> <./proj2_plots/dendro_log_nopca.png>] [12 <./proj2_plots/dendro_log_pca.pn
g> <./proj2_plots/kmeans_res_scaled.png>] [13 <./proj2_plots/kmeans_res_scaled_
pca.png> <./proj2_plots/kmeans_res_log.png>] [14 <./proj2_plots/pam_res_scaled.
png>] [15 <./proj2_plots/pam_res_scaled_pca.png> <./proj2_plots/pam_res_log.png
>] [16 <./proj2_plots/pam_res_log_pca.png> <./proj2_plots/agnes_res_scaled.png>
] [17 <./proj2_plots/agnes_res_scaled_pca.png> <./proj2_plots/agnes_res_log.png
>] [18 <./proj2_plots/agnes_res_log_pca.png>] (report2.aux) ) 
Here is how much of TeX's memory you used:
 2157 strings out of 476331
 39344 string characters out of 5787765
 1871660 words of memory out of 5000000
 22587 multiletter control sequences out of 15000+600000
 516888 words of font info for 47 fonts, out of 8000000 for 9000
 1141 hyphenation exceptions out of 8191
 57i,9n,62p,1135b,279s stack positions out of 10000i,1000n,20000p,200000b,200000s
<C:/Users/Kasia/Ap
pData/Local/Programs/MiKTeX/fonts/type1/public/amsfonts/cm/cmbx10.pfb><C:/Users
/Kasia/AppData/Local/Programs/MiKTeX/fonts/type1/public/amsfonts/cm/cmbx12.pfb>
<C:/Users/Kasia/AppData/Local/Programs/MiKTeX/fonts/type1/public/amsfonts/cm/cm
mi10.pfb><C:/Users/Kasia/AppData/Local/Programs/MiKTeX/fonts/type1/public/amsfo
nts/cm/cmr10.pfb><C:/Users/Kasia/AppData/Local/Programs/MiKTeX/fonts/type1/publ
ic/amsfonts/cm/cmr12.pfb><C:/Users/Kasia/AppData/Local/Programs/MiKTeX/fonts/ty
pe1/public/amsfonts/cm/cmr17.pfb><C:/Users/Kasia/AppData/Local/Programs/MiKTeX/
fonts/type1/public/amsfonts/cm/cmsy10.pfb><C:/Users/Kasia/AppData/Local/Program
s/MiKTeX/fonts/type1/public/amsfonts/cm/cmti10.pfb>
Output written on report2.pdf (18 pages, 710282 bytes).
PDF statistics:
 150 PDF objects out of 1000 (max. 8388607)
 0 named destinations out of 1000 (max. 500000)
 126 words of extra memory for PDF output out of 10000 (max. 10000000)

